<?xml version="1.0" encoding="UTF-8"?>
<!-- Generated by org.testng.reporters.JUnitReportReporter -->
<testsuite hostname="Sarikas-MacBook-Pro.local" name="walshIntegrated.testcases.CreateDepartmentScenarios1" tests="2" failures="0" timestamp="31 May 2020 05:05:56 GMT" time="20.124" errors="0">
  <testcase name="TC_01_Department_Create" time="19.611" classname="walshIntegrated.testcases.CreateDepartmentScenarios1"/>
  <testcase name="verifyPage" time="0.513" classname="walshIntegrated.testcases.CreateDepartmentScenarios1"/>
</testsuite> <!-- walshIntegrated.testcases.CreateDepartmentScenarios1 -->
