<?xml version="1.0" encoding="UTF-8"?>
<!-- Generated by org.testng.reporters.JUnitReportReporter -->
<testsuite hostname="Sarikas-MacBook-Pro.local" name="walshIntegrated.testcases.UpdateDepartmentScenarios2" tests="2" failures="0" timestamp="30 May 2020 22:40:01 GMT" time="22.692" errors="0">
  <testcase name="verifyPage" time="0.151" classname="walshIntegrated.testcases.UpdateDepartmentScenarios2"/>
  <testcase name="TC_02_Department_Update" time="22.541" classname="walshIntegrated.testcases.UpdateDepartmentScenarios2"/>
</testsuite> <!-- walshIntegrated.testcases.UpdateDepartmentScenarios2 -->
