<?xml version="1.0" encoding="UTF-8"?>
<!-- Generated by org.testng.reporters.JUnitReportReporter -->
<testsuite hostname="Sarikas-MacBook-Pro.local" name="orangeHRM.testcases.LoginScenarios" tests="3" failures="0" timestamp="28 May 2020 21:05:08 GMT" time="7.941" errors="0">
  <testcase name="logoutFromApplication" time="2.634" classname="orangeHRM.testcases.LoginScenarios"/>
  <testcase name="verifyPage" time="0.319" classname="orangeHRM.testcases.LoginScenarios"/>
  <testcase name="loginToApplication" time="4.988" classname="orangeHRM.testcases.LoginScenarios"/>
</testsuite> <!-- orangeHRM.testcases.LoginScenarios -->
